<?xml version="1.0" encoding="UTF-8"?>
<!-- Generated by org.testng.reporters.JUnitReportReporter -->
<testsuite hostname="LAPTOP-GQJ0V74M" failures="0" tests="1" name="vtiger.Practice.AssertionsPractice" time="0.020" errors="0" timestamp="2023-04-06T11:38:28 IST" skipped="0">
  <testcase classname="vtiger.Practice.AssertionsPractice" name="practice" time="0.020"/>
  <system-out/>
</testsuite> <!-- vtiger.Practice.AssertionsPractice -->
